<?xml version="1.0" encoding="UTF-8"?>
<!-- Generated by org.testng.reporters.JUnitReportReporter -->
<testsuite hostname="COG-WIN-MAC03" failures="0" tests="4" name="testcases.ContactType" time="228.412" errors="0" timestamp="2023-01-24T16:24:12 IST" skipped="0">
  <testcase classname="testcases.ContactType" name="validationCheck" time="34.862"/>
  <system-out/>
  <testcase classname="testcases.ContactType" name="addContactType" time="52.726"/>
  <system-out/>
  <testcase classname="testcases.ContactType" name="editContactType" time="56.067"/>
  <system-out/>
  <testcase classname="testcases.ContactType" name="contactTypeListing" time="84.757"/>
  <system-out/>
</testsuite> <!-- testcases.ContactType -->
