<?xml version="1.0" encoding="UTF-8"?>
<!-- Generated by org.testng.reporters.JUnitReportReporter -->
<testsuite hostname="COG-WIN-MAC03" failures="0" tests="10" name="testcases.ApprovalGroupTest" time="981.301" errors="0" timestamp="2023-08-19T02:10:31 IST" skipped="0">
  <testcase classname="testcases.ApprovalGroupTest" name="ValidationCheck" time="77.249"/>
  <system-out/>
  <testcase classname="testcases.ApprovalGroupTest" name="addApprovalGroupPage" time="182.030"/>
  <system-out/>
  <testcase classname="testcases.ApprovalGroupTest" name="ValidateSarchfunctionalityThroughApprovalGroupname" time="70.111"/>
  <system-out/>
  <testcase classname="testcases.ApprovalGroupTest" name="ValidateSarchfunctionalityThroughUserName" time="70.506"/>
  <system-out/>
  <testcase classname="testcases.ApprovalGroupTest" name="ValidateDeleteButtonFunctionalityWithCanceling" time="77.364"/>
  <system-out/>
  <testcase classname="testcases.ApprovalGroupTest" name="ValidateSarchfunctionalityThroughActiveStatus" time="72.299"/>
  <system-out/>
  <testcase classname="testcases.ApprovalGroupTest" name="ValidateUpdateFunctionality" time="93.235"/>
  <system-out/>
  <testcase classname="testcases.ApprovalGroupTest" name="ValidateSarchfunctionalityThroughINActiveStatus" time="152.080"/>
  <system-out/>
  <testcase classname="testcases.ApprovalGroupTest" name="ValidateDeleteButtonFunctionalityWithOk" time="79.298"/>
  <system-out/>
  <testcase classname="testcases.ApprovalGroupTest" name="deleteUserForApprovalGroup" time="107.129"/>
  <system-out/>
</testsuite> <!-- testcases.ApprovalGroupTest -->
