<?xml version="1.0" encoding="UTF-8"?>
<!-- Generated by org.testng.reporters.JUnitReportReporter -->
<testsuite hostname="COG-WIN-MAC03" failures="0" tests="4" name="testcases.CRMRoleTitle" time="241.962" errors="0" timestamp="2023-01-24T16:24:12 IST" skipped="0">
  <testcase classname="testcases.CRMRoleTitle" name="validationCheck" time="38.223"/>
  <system-out/>
  <testcase classname="testcases.CRMRoleTitle" name="addCRMRoleTitlePage" time="52.444"/>
  <system-out/>
  <testcase classname="testcases.CRMRoleTitle" name="editCRMRoleTitlePage" time="60.414"/>
  <system-out/>
  <testcase classname="testcases.CRMRoleTitle" name="CRMRoleTitleStatusModificationAndValidation" time="90.881"/>
  <system-out/>
</testsuite> <!-- testcases.CRMRoleTitle -->
