<?xml version="1.0" encoding="UTF-8"?>
<!-- Generated by org.testng.reporters.JUnitReportReporter -->
<testsuite hostname="COG-WIN-MAC03" failures="0" tests="4" name="testcases.IndustryType" time="266.054" errors="0" timestamp="2023-01-24T16:24:12 IST" skipped="0">
  <testcase classname="testcases.IndustryType" name="addIndustryTypeValidation" time="35.994"/>
  <system-out/>
  <testcase classname="testcases.IndustryType" name="addIndustryType" time="49.237"/>
  <system-out/>
  <testcase classname="testcases.IndustryType" name="editIndustryType" time="80.066"/>
  <system-out/>
  <testcase classname="testcases.IndustryType" name="IndustryTypeListing" time="100.757"/>
  <system-out/>
</testsuite> <!-- testcases.IndustryType -->
