<?xml version="1.0" encoding="UTF-8"?>
<!-- Generated by org.testng.reporters.JUnitReportReporter -->
<testsuite hostname="COG-WIN-MAC03" failures="0" tests="4" name="testcases.Status" time="247.119" errors="0" timestamp="2023-01-24T16:24:12 IST" skipped="0">
  <testcase classname="testcases.Status" name="validationCheck" time="37.035"/>
  <system-out/>
  <testcase classname="testcases.Status" name="addStatus" time="70.008"/>
  <system-out/>
  <testcase classname="testcases.Status" name="EditStatus" time="65.116"/>
  <system-out/>
  <testcase classname="testcases.Status" name="StatusListing" time="74.960"/>
  <system-out/>
</testsuite> <!-- testcases.Status -->
