<?xml version="1.0" encoding="UTF-8"?>
<!-- Generated by org.testng.reporters.JUnitReportReporter -->
<testsuite hostname="COG-WIN-MAC03" failures="0" tests="4" name="testcases.PaymentGateway" time="209.919" errors="0" timestamp="2023-01-24T16:24:12 IST" skipped="0">
  <testcase classname="testcases.PaymentGateway" name="addPaymentGatewayValidation" time="37.774"/>
  <system-out/>
  <testcase classname="testcases.PaymentGateway" name="addPaymentGateway" time="68.624"/>
  <system-out/>
  <testcase classname="testcases.PaymentGateway" name="editPaymentGateway" time="64.992"/>
  <system-out/>
  <testcase classname="testcases.PaymentGateway" name="PaymentGatewayListing" time="38.529"/>
  <system-out/>
</testsuite> <!-- testcases.PaymentGateway -->
