<?xml version="1.0" encoding="UTF-8"?>
<!-- Generated by org.testng.reporters.JUnitReportReporter -->
<testsuite hostname="COG-WIN-MAC03" failures="0" tests="13" name="testcases.ApprovalChainTest" time="1185.766" errors="0" timestamp="2023-08-19T01:53:12 IST" skipped="0">
  <testcase classname="testcases.ApprovalChainTest" name="ValidationCheck" time="81.430"/>
  <system-out/>
  <testcase classname="testcases.ApprovalChainTest" name="addApprovalChainPage" time="263.128"/>
  <system-out/>
  <testcase classname="testcases.ApprovalChainTest" name="ValidateSarchfunctionalityThroughApprovalGroupname" time="61.741"/>
  <system-out/>
  <testcase classname="testcases.ApprovalChainTest" name="ValidateSarchfunctionalityThroughUserName" time="68.610"/>
  <system-out/>
  <testcase classname="testcases.ApprovalChainTest" name="ValidateSarchfunctionalityThroughActiveStatus" time="61.272"/>
  <system-out/>
  <testcase classname="testcases.ApprovalChainTest" name="ValidateSarchfunctionalityThroughINActiveStatus" time="118.353"/>
  <system-out/>
  <testcase classname="testcases.ApprovalChainTest" name="ValidateSarchfunctionalityThroughApprovalChainName" time="53.021"/>
  <system-out/>
  <testcase classname="testcases.ApprovalChainTest" name="ValidateactionButtonFunctionality" time="84.093"/>
  <system-out/>
  <testcase classname="testcases.ApprovalChainTest" name="ValidateUpdateFunctionality" time="66.379"/>
  <system-out/>
  <testcase classname="testcases.ApprovalChainTest" name="ValidateDeleteButtonFunctionalityWithCanceling" time="65.529"/>
  <system-out/>
  <testcase classname="testcases.ApprovalChainTest" name="ValidateApprovalChainDeleteButtonFunctionalityWithOk" time="81.820"/>
  <system-out/>
  <testcase classname="testcases.ApprovalChainTest" name="ValidateGroupNmeDeleteButtonFunctionalityWithOk" time="75.144"/>
  <system-out/>
  <testcase classname="testcases.ApprovalChainTest" name="deleteUserForApprovalChain" time="105.246"/>
  <system-out/>
</testsuite> <!-- testcases.ApprovalChainTest -->
