<?xml version="1.0" encoding="UTF-8"?>
<!-- Generated by org.testng.reporters.JUnitReportReporter -->
<testsuite hostname="COG-WIN-MAC03" failures="0" tests="4" name="testcases.Priority" time="230.238" errors="0" timestamp="2023-01-24T16:24:12 IST" skipped="0">
  <testcase classname="testcases.Priority" name="validationCheck" time="35.085"/>
  <system-out/>
  <testcase classname="testcases.Priority" name="addPriority" time="53.354"/>
  <system-out/>
  <testcase classname="testcases.Priority" name="editPriority" time="63.401"/>
  <system-out/>
  <testcase classname="testcases.Priority" name="priorityListing" time="78.398"/>
  <system-out/>
</testsuite> <!-- testcases.Priority -->
