<?xml version="1.0" encoding="UTF-8"?>
<!-- Generated by org.testng.reporters.JUnitReportReporter -->
<testsuite hostname="COG-WIN-MAC03" failures="0" tests="5" name="testcases.Emailtemplate" time="358.599" errors="0" timestamp="2023-01-24T16:24:12 IST" skipped="0">
  <testcase classname="testcases.Emailtemplate" name="validationCheck" time="94.684"/>
  <system-out/>
  <testcase classname="testcases.Emailtemplate" name="addEmailTemplate" time="53.927"/>
  <system-out/>
  <testcase classname="testcases.Emailtemplate" name="editEmailTemplate" time="63.201"/>
  <system-out/>
  <testcase classname="testcases.Emailtemplate" name="emailTemplateListing" time="91.096"/>
  <system-out/>
  <testcase classname="testcases.Emailtemplate" name="addAdvancedEmailTemplate" time="55.691"/>
  <system-out/>
</testsuite> <!-- testcases.Emailtemplate -->
