<?xml version="1.0" encoding="UTF-8"?>
<!-- Generated by org.testng.reporters.JUnitReportReporter -->
<testsuite hostname="COG-WIN-MAC03" failures="0" tests="4" name="testcases.Skill" time="238.292" errors="0" timestamp="2023-01-24T16:24:12 IST" skipped="0">
  <testcase classname="testcases.Skill" name="validationCheck" time="36.875"/>
  <system-out/>
  <testcase classname="testcases.Skill" name="addSkill" time="52.350"/>
  <system-out/>
  <testcase classname="testcases.Skill" name="EditSkill" time="64.564"/>
  <system-out/>
  <testcase classname="testcases.Skill" name="SkillListing" time="84.503"/>
  <system-out/>
</testsuite> <!-- testcases.Skill -->
