<?xml version="1.0" encoding="UTF-8"?>
<!-- Generated by org.testng.reporters.JUnitReportReporter -->
<testsuite hostname="COG-WIN-MAC03" failures="0" tests="3" name="testcases.TaxAndDiscount" time="140.602" errors="0" timestamp="2023-01-24T16:24:12 IST" skipped="0">
  <testcase classname="testcases.TaxAndDiscount" name="ValidationCheck" time="35.048"/>
  <system-out/>
  <testcase classname="testcases.TaxAndDiscount" name="AddTaxAndDiscount" time="57.408"/>
  <system-out/>
  <testcase classname="testcases.TaxAndDiscount" name="ActiveAndINactive" time="48.146"/>
  <system-out/>
</testsuite> <!-- testcases.TaxAndDiscount -->
