<?xml version="1.0" encoding="UTF-8"?>
<!-- Generated by org.testng.reporters.JUnitReportReporter -->
<testsuite hostname="COG-WIN-MAC03" failures="0" tests="2" name="testcases.Greeting" time="190.127" errors="0" timestamp="2023-01-24T16:24:12 IST" skipped="0">
  <testcase classname="testcases.Greeting" name="validationCheck" time="34.799"/>
  <system-out/>
  <testcase classname="testcases.Greeting" name="addGreeting" time="155.328"/>
  <system-out/>
</testsuite> <!-- testcases.Greeting -->
