<?xml version="1.0" encoding="UTF-8"?>
<!-- Generated by org.testng.reporters.JUnitReportReporter -->
<testsuite hostname="COG-WIN-MAC03" failures="0" tests="4" name="testcases.Category" time="209.452" errors="0" timestamp="2023-01-24T16:24:12 IST" skipped="0">
  <testcase classname="testcases.Category" name="addCategoryValidationCheck" time="33.805"/>
  <system-out/>
  <testcase classname="testcases.Category" name="addCategory" time="43.690"/>
  <system-out/>
  <testcase classname="testcases.Category" name="editCategory" time="55.664"/>
  <system-out/>
  <testcase classname="testcases.Category" name="CategoryListing" time="76.293"/>
  <system-out/>
</testsuite> <!-- testcases.Category -->
