<?xml version="1.0" encoding="UTF-8"?>
<!-- Generated by org.testng.reporters.JUnitReportReporter -->
<testsuite hostname="COG-WIN-MAC03" failures="0" tests="4" name="testcases.Channel" time="228.086" errors="0" timestamp="2023-01-24T16:24:12 IST" skipped="0">
  <testcase classname="testcases.Channel" name="validationCheck" time="36.955"/>
  <system-out/>
  <testcase classname="testcases.Channel" name="addChannel" time="48.044"/>
  <system-out/>
  <testcase classname="testcases.Channel" name="editChannel" time="61.838"/>
  <system-out/>
  <testcase classname="testcases.Channel" name="channellisting" time="81.249"/>
  <system-out/>
</testsuite> <!-- testcases.Channel -->
