<?xml version="1.0" encoding="UTF-8"?>
<!-- Generated by org.testng.reporters.JUnitReportReporter -->
<testsuite hostname="COG-WIN-MAC03" failures="0" tests="4" name="testcases.TrainingFeedback" time="287.532" errors="0" timestamp="2023-01-24T16:24:12 IST" skipped="0">
  <testcase classname="testcases.TrainingFeedback" name="addFeedbackValidationCheck" time="77.834"/>
  <system-out/>
  <testcase classname="testcases.TrainingFeedback" name="addTrainingFeedback" time="50.031"/>
  <system-out/>
  <testcase classname="testcases.TrainingFeedback" name="editTrainingFeedback" time="71.768"/>
  <system-out/>
  <testcase classname="testcases.TrainingFeedback" name="TrainingFeedbacklisting" time="87.899"/>
  <system-out/>
</testsuite> <!-- testcases.TrainingFeedback -->
