<?xml version="1.0" encoding="UTF-8"?>
<!-- Generated by org.testng.reporters.JUnitReportReporter -->
<testsuite hostname="COG-WIN-MAC03" failures="0" tests="4" name="testcases.Designation" time="238.132" errors="0" timestamp="2023-01-24T16:24:12 IST" skipped="0">
  <testcase classname="testcases.Designation" name="addDesignationValidationCheck" time="36.397"/>
  <system-out/>
  <testcase classname="testcases.Designation" name="addDesignation" time="49.844"/>
  <system-out/>
  <testcase classname="testcases.Designation" name="editDesignation" time="67.129"/>
  <system-out/>
  <testcase classname="testcases.Designation" name="designationListing" time="84.762"/>
  <system-out/>
</testsuite> <!-- testcases.Designation -->
