<?xml version="1.0" encoding="UTF-8"?>
<!-- Generated by org.testng.reporters.JUnitReportReporter -->
<testsuite hostname="COG-WIN-MAC03" failures="0" tests="5" name="testcases.Feedback" time="388.018" errors="0" timestamp="2023-01-24T16:24:12 IST" skipped="0">
  <testcase classname="testcases.Feedback" name="validationCheck" time="83.155"/>
  <system-out/>
  <testcase classname="testcases.Feedback" name="addFeedback" time="104.891"/>
  <system-out/>
  <testcase classname="testcases.Feedback" name="editFeedback" time="71.996"/>
  <system-out/>
  <testcase classname="testcases.Feedback" name="feedbacklisting" time="79.055"/>
  <system-out/>
  <testcase classname="testcases.Feedback" name="deleteAlltickets" time="48.921"/>
  <system-out/>
</testsuite> <!-- testcases.Feedback -->
