<?xml version="1.0" encoding="UTF-8"?>
<!-- Generated by org.testng.reporters.JUnitReportReporter -->
<testsuite hostname="COG-WIN-MAC03" failures="0" tests="4" name="testcases.UserTitle" time="226.011" errors="0" timestamp="2023-01-24T16:24:12 IST" skipped="0">
  <testcase classname="testcases.UserTitle" name="validationCheck" time="36.691"/>
  <system-out/>
  <testcase classname="testcases.UserTitle" name="addUserTitle" time="49.379"/>
  <system-out/>
  <testcase classname="testcases.UserTitle" name="EditUserTitle" time="64.386"/>
  <system-out/>
  <testcase classname="testcases.UserTitle" name="StageListing" time="75.555"/>
  <system-out/>
</testsuite> <!-- testcases.UserTitle -->
