<?xml version="1.0" encoding="UTF-8"?>
<!-- Generated by org.testng.reporters.JUnitReportReporter -->
<testsuite hostname="COG-WIN-MAC03" failures="0" tests="3" name="testcases.CannedReply" time="174.848" errors="0" timestamp="2023-01-24T16:24:12 IST" skipped="0">
  <testcase classname="testcases.CannedReply" name="ValidationCheck" time="41.559"/>
  <system-out/>
  <testcase classname="testcases.CannedReply" name="AddCannedReply" time="66.654"/>
  <system-out/>
  <testcase classname="testcases.CannedReply" name="SearchActiveInactiveDeleteCannedReply" time="66.635"/>
  <system-out/>
</testsuite> <!-- testcases.CannedReply -->
