<?xml version="1.0" encoding="UTF-8"?>
<!-- Generated by org.testng.reporters.JUnitReportReporter -->
<testsuite hostname="COG-WIN-MAC03" failures="0" tests="2" name="testcases.CompanyNotification" time="295.581" errors="0" timestamp="2023-01-24T16:24:12 IST" skipped="0">
  <testcase classname="testcases.CompanyNotification" name="mainMultiCheckboxVerification" time="54.124"/>
  <system-out/>
  <testcase classname="testcases.CompanyNotification" name="moduleWiseCheckverification" time="241.457"/>
  <system-out/>
</testsuite> <!-- testcases.CompanyNotification -->
