<?xml version="1.0" encoding="UTF-8"?>
<!-- Generated by org.testng.reporters.JUnitReportReporter -->
<testsuite hostname="COG-WIN-MAC03" failures="0" tests="4" name="testcases.Trip" time="235.767" errors="0" timestamp="2023-01-24T16:24:12 IST" skipped="0">
  <testcase classname="testcases.Trip" name="validationCheck" time="38.776"/>
  <system-out/>
  <testcase classname="testcases.Trip" name="addTrip" time="52.870"/>
  <system-out/>
  <testcase classname="testcases.Trip" name="EditTrip" time="67.489"/>
  <system-out/>
  <testcase classname="testcases.Trip" name="TripListing" time="76.632"/>
  <system-out/>
</testsuite> <!-- testcases.Trip -->
