<?xml version="1.0" encoding="UTF-8"?>
<!-- Generated by org.testng.reporters.JUnitReportReporter -->
<testsuite hostname="COG-WIN-MAC03" failures="0" tests="33" name="testcases.ApprovalRuleTest" time="4605.325" errors="0" timestamp="2023-08-19T04:04:01 IST" skipped="0">
  <testcase classname="testcases.ApprovalRuleTest" name="ValidationCheck" time="92.255"/>
  <system-out/>
  <testcase classname="testcases.ApprovalRuleTest" name="addApprovalRulePageWithExpenseModule" time="736.999"/>
  <system-out/>
  <testcase classname="testcases.ApprovalRuleTest" name="validateSearchFunctionalitythroughRuleNmae" time="105.344"/>
  <system-out/>
  <testcase classname="testcases.ApprovalRuleTest" name="validateSearchFunctionalitythroughModuleName" time="111.157"/>
  <system-out/>
  <testcase classname="testcases.ApprovalRuleTest" name="validateSearchFunctionalitythroughApprovalChainName" time="110.837"/>
  <system-out/>
  <testcase classname="testcases.ApprovalRuleTest" name="validateSearchFunctionalitythroughUserName" time="113.124"/>
  <system-out/>
  <testcase classname="testcases.ApprovalRuleTest" name="validateSearchFunctionalitythroughApproverName" time="109.723"/>
  <system-out/>
  <testcase classname="testcases.ApprovalRuleTest" name="validateSearchFunctionalitythroughActiveStatus" time="102.287"/>
  <system-out/>
  <testcase classname="testcases.ApprovalRuleTest" name="ValidateSarchfunctionalityThroughINActiveStatus" time="207.590"/>
  <system-out/>
  <testcase classname="testcases.ApprovalRuleTest" name="validateUpdateFunctionalityOfApprovalRulePage" time="100.211"/>
  <system-out/>
  <testcase classname="testcases.ApprovalRuleTest" name="validateDeleteFunctionalityOfApprovalRulePage" time="99.798"/>
  <system-out/>
  <testcase classname="testcases.ApprovalRuleTest" name="addApprovalRulePageWithLeaveModule" time="155.000"/>
  <system-out/>
  <testcase classname="testcases.ApprovalRuleTest" name="validateSearchFunctionalitythroughLeaveName" time="103.412"/>
  <system-out/>
  <testcase classname="testcases.ApprovalRuleTest" name="validateSearchFunctionalitythroughApprovalChainNameForLeaveRuleName" time="110.245"/>
  <system-out/>
  <testcase classname="testcases.ApprovalRuleTest" name="validateSearchFunctionalitythroughUserNameForLeaveRuleName" time="128.763"/>
  <system-out/>
  <testcase classname="testcases.ApprovalRuleTest" name="validateSearchFunctionalitythroughApproverNameforLeaveRuleName" time="99.870"/>
  <system-out/>
  <testcase classname="testcases.ApprovalRuleTest" name="validateSearchFunctionalitythroughActiveStatusForLeaveRuleName" time="98.859"/>
  <system-out/>
  <testcase classname="testcases.ApprovalRuleTest" name="validateDeleteFunctionalityOfApprovalRulePageForLeaveModule" time="112.481"/>
  <system-out/>
  <testcase classname="testcases.ApprovalRuleTest" name="addApprovalRulePageWithTimeSheetModule" time="137.802"/>
  <system-out/>
  <testcase classname="testcases.ApprovalRuleTest" name="validateSearchFunctionalitythroughTimesheetModuleForTimeSheetRule" time="131.963"/>
  <system-out/>
  <testcase classname="testcases.ApprovalRuleTest" name="validateSearchFunctionalitythroughApprovalChainNameForTimeSheetRule" time="121.648"/>
  <system-out/>
  <testcase classname="testcases.ApprovalRuleTest" name="validateSearchFunctionalitythroughUserNameForTimeSheetRule" time="94.847"/>
  <system-out/>
  <testcase classname="testcases.ApprovalRuleTest" name="validateSearchFunctionalitythroughApproverNameForTimeSheetRule" time="105.806"/>
  <system-out/>
  <testcase classname="testcases.ApprovalRuleTest" name="validateSearchFunctionalitythroughActiveStatusForTimeSheetRule" time="137.086"/>
  <system-out/>
  <testcase classname="testcases.ApprovalRuleTest" name="validateDeleteFunctionalityOfApprovalRulePageForTimeSheetModule" time="142.550"/>
  <system-out/>
  <testcase classname="testcases.ApprovalRuleTest" name="addApprovalRulePageWithAttendanceModule" time="145.875"/>
  <system-out/>
  <testcase classname="testcases.ApprovalRuleTest" name="validateSearchFunctionalitythroughAttendanceModule" time="126.140"/>
  <system-out/>
  <testcase classname="testcases.ApprovalRuleTest" name="validateSearchFunctionalitythroughApprovalChainNameForAttendanceRule" time="117.513"/>
  <system-out/>
  <testcase classname="testcases.ApprovalRuleTest" name="validateSearchFunctionalitythroughUserNameForAttendanceRule" time="126.515"/>
  <system-out/>
  <testcase classname="testcases.ApprovalRuleTest" name="validateSearchFunctionalitythroughApproverNameForAttendanceRule" time="149.114"/>
  <system-out/>
  <testcase classname="testcases.ApprovalRuleTest" name="validateSearchFunctionalitythroughActiveStatusForAttendanceRule" time="101.827"/>
  <system-out/>
  <testcase classname="testcases.ApprovalRuleTest" name="validateDeleteFunctionalityOfApprovalRulePageForAttendanceModule" time="118.696"/>
  <system-out/>
  <testcase classname="testcases.ApprovalRuleTest" name="addApprovalRulePageWithLimitedDurationAndUseSequence" time="149.988"/>
  <system-out/>
</testsuite> <!-- testcases.ApprovalRuleTest -->
