<?xml version="1.0" encoding="UTF-8"?>
<!-- Generated by org.testng.reporters.JUnitReportReporter -->
<testsuite hostname="COG-WIN-MAC03" failures="0" tests="4" name="testcases.Department" time="242.342" errors="0" timestamp="2023-01-24T16:24:12 IST" skipped="0">
  <testcase classname="testcases.Department" name="addDepartmentValidationCheck" time="45.127"/>
  <system-out/>
  <testcase classname="testcases.Department" name="addDepartment" time="65.150"/>
  <system-out/>
  <testcase classname="testcases.Department" name="editDepartment" time="56.637"/>
  <system-out/>
  <testcase classname="testcases.Department" name="departmentListing" time="75.428"/>
  <system-out/>
</testsuite> <!-- testcases.Department -->
