<?xml version="1.0" encoding="UTF-8"?>
<!-- Generated by org.testng.reporters.JUnitReportReporter -->
<testsuite hostname="COG-WIN-MAC03" failures="0" tests="4" name="testcases.CurrencyManagement" time="260.410" errors="0" timestamp="2023-01-24T16:24:12 IST" skipped="0">
  <testcase classname="testcases.CurrencyManagement" name="currencyValidationCheck" time="99.144"/>
  <system-out/>
  <testcase classname="testcases.CurrencyManagement" name="SourcecurrencyDuplicateValidation" time="58.977"/>
  <system-out/>
  <testcase classname="testcases.CurrencyManagement" name="BasecurrencyDuplicateValidation" time="44.309"/>
  <system-out/>
  <testcase classname="testcases.CurrencyManagement" name="addNewCurrencyAndDelete" time="57.980"/>
  <system-out/>
</testsuite> <!-- testcases.CurrencyManagement -->
