<?xml version="1.0" encoding="UTF-8"?>
<!-- Generated by org.testng.reporters.JUnitReportReporter -->
<testsuite hostname="COG-WIN-MAC03" failures="0" tests="3" name="testcases.CompanyHolidays" time="164.343" errors="0" timestamp="2023-01-24T16:24:12 IST" skipped="0">
  <testcase classname="testcases.CompanyHolidays" name="ValidationCheck" time="37.926"/>
  <system-out/>
  <testcase classname="testcases.CompanyHolidays" name="AddCompanyHolidayFullDay" time="63.893"/>
  <system-out/>
  <testcase classname="testcases.CompanyHolidays" name="ActiveInactiveSearch" time="62.524"/>
  <system-out/>
</testsuite> <!-- testcases.CompanyHolidays -->
