<?xml version="1.0" encoding="UTF-8"?>
<!-- Generated by org.testng.reporters.JUnitReportReporter -->
<testsuite hostname="COG-WIN-MAC03" failures="0" tests="4" name="testcases.Shift" time="257.697" errors="0" timestamp="2023-01-24T16:24:12 IST" skipped="0">
  <testcase classname="testcases.Shift" name="validationCheck" time="39.005"/>
  <system-out/>
  <testcase classname="testcases.Shift" name="addShiftFexible" time="77.801"/>
  <system-out/>
  <testcase classname="testcases.Shift" name="editShiftFexible" time="63.977"/>
  <system-out/>
  <testcase classname="testcases.Shift" name="ServiceListing" time="76.914"/>
  <system-out/>
</testsuite> <!-- testcases.Shift -->
